<?xml version="1.0" encoding="UTF-8"?>
<!-- Generated by org.testng.reporters.JUnitReportReporter -->
<testsuite hostname="noi-test12-w10" name="LaunchChrome" tests="1" failures="0" timestamp="10 Jun 2017 07:50:32 GMT" time="8.956" errors="0">
  <testcase name="testCase1" time="8.956" classname="LaunchChrome"/>
</testsuite> <!-- LaunchChrome -->
